<?xml version="1.0" encoding="UTF-8"?>
<!-- Generated by org.testng.reporters.JUnitXMLReporter -->
<testsuite ignored="0" hostname="LM0001767" failures="1" tests="3" name="JioTest" time="15.228" errors="0" timestamp="2023-04-02T12:18:19 IST">
  <testcase classname="com.JioMart.testCases.TC_003_AddToCart" name="verifyLoginTest" time="11.799">
    <failure type="java.lang.AssertionError" message="expected [true] but found [false]">
      <![CDATA[java.lang.AssertionError: expected [true] but found [false]
at com.JioMart.Pages.PO_002_LoginPage.clickLoginVerifyCTA(PO_002_LoginPage.java:115)
at com.JioMart.testCases.TC_003_AddToCart.verifyLoginTest(TC_003_AddToCart.java:39)
at java.base/java.util.ArrayList.forEach(ArrayList.java:1541)
... Removed 35 stack frames]]>
    </failure>
  </testcase> <!-- verifyLoginTest -->
  <testcase classname="com.JioMart.testCases.TC_003_AddToCart" name="verifyCartCount" time="0.0">
    <skipped/>
  </testcase> <!-- verifyCartCount -->
  <testcase classname="com.JioMart.testCases.TC_003_AddToCart" name="verifyItemsAddedInCart" time="0.0">
    <skipped/>
  </testcase> <!-- verifyItemsAddedInCart -->
</testsuite> <!-- JioTest -->
